{"level":"warn","message":"ROUTE: /esta - METHOD: GET"}
{"level":"warn","message":"ROUTE: /ruta - METHOD: GET"}
{"level":"warn","message":"ROUTE: /no - METHOD: GET"}
{"level":"warn","message":"ROUTE: /existe - METHOD: GET"}
{"level":"warn","message":"ROUTE: /favicon.ico - METHOD: GET"}
{"level":"warn","message":"ROUTE: /logina - METHOD: GET"}
{"level":"warn","message":"ROUTE: /favicon.ico - METHOD: GET"}
{"level":"warn","message":"ROUTE: /img.jpg - METHOD: GET"}
{"level":"warn","message":"ROUTE: /prueba3.jpg - METHOD: GET"}
{"level":"warn","message":"ROUTE: /prueba.jpg - METHOD: GET"}
{"level":"warn","message":"ROUTE: /prueba2.jpg - METHOD: GET"}
{"level":"warn","message":"ROUTE: /img.jpg - METHOD: GET"}
{"level":"warn","message":"ROUTE: /prueba3.jpg - METHOD: GET"}
{"level":"warn","message":"ROUTE: /prueba.jpg - METHOD: GET"}
{"level":"warn","message":"ROUTE: /prueba2.jpg - METHOD: GET"}
{"level":"warn","message":"ROUTE: /img.jpg - METHOD: GET"}
{"level":"warn","message":"ROUTE: /prueba.jpg - METHOD: GET"}
{"level":"warn","message":"ROUTE: /prueba2.jpg - METHOD: GET"}
{"level":"warn","message":"ROUTE: /prueba3.jpg - METHOD: GET"}
{"level":"warn","message":"ROUTE: /img.jpg - METHOD: GET"}
{"level":"warn","message":"ROUTE: /prueba.jpg - METHOD: GET"}
{"level":"warn","message":"ROUTE: /prueba3.jpg - METHOD: GET"}
{"level":"warn","message":"ROUTE: /prueba2.jpg - METHOD: GET"}
{"level":"warn","message":"ROUTE: /img.jpg - METHOD: GET"}
{"level":"warn","message":"ROUTE: /prueba.jpg - METHOD: GET"}
{"level":"warn","message":"ROUTE: /prueba3.jpg - METHOD: GET"}
{"level":"warn","message":"ROUTE: /prueba2.jpg - METHOD: GET"}
{"level":"warn","message":"ROUTE: /undefined - METHOD: GET"}
