{"level":"warn","message":"ROUTE: /esta - METHOD: GET"}
{"level":"warn","message":"ROUTE: /ruta - METHOD: GET"}
{"level":"warn","message":"ROUTE: /no - METHOD: GET"}
{"level":"warn","message":"ROUTE: /existe - METHOD: GET"}
{"level":"warn","message":"ROUTE: /favicon.ico - METHOD: GET"}
{"level":"warn","message":"ROUTE: /logina - METHOD: GET"}
{"level":"warn","message":"ROUTE: /favicon.ico - METHOD: GET"}
{"level":"warn","message":"ROUTE: /img.jpg - METHOD: GET"}
{"level":"warn","message":"ROUTE: /prueba3.jpg - METHOD: GET"}
{"level":"warn","message":"ROUTE: /prueba.jpg - METHOD: GET"}
{"level":"warn","message":"ROUTE: /prueba2.jpg - METHOD: GET"}
{"level":"warn","message":"ROUTE: /img.jpg - METHOD: GET"}
{"level":"warn","message":"ROUTE: /prueba3.jpg - METHOD: GET"}
{"level":"warn","message":"ROUTE: /prueba.jpg - METHOD: GET"}
{"level":"warn","message":"ROUTE: /prueba2.jpg - METHOD: GET"}
{"level":"warn","message":"ROUTE: /img.jpg - METHOD: GET"}
{"level":"warn","message":"ROUTE: /prueba.jpg - METHOD: GET"}
{"level":"warn","message":"ROUTE: /prueba2.jpg - METHOD: GET"}
{"level":"warn","message":"ROUTE: /prueba3.jpg - METHOD: GET"}
{"level":"warn","message":"ROUTE: /img.jpg - METHOD: GET"}
{"level":"warn","message":"ROUTE: /prueba.jpg - METHOD: GET"}
{"level":"warn","message":"ROUTE: /prueba3.jpg - METHOD: GET"}
{"level":"warn","message":"ROUTE: /prueba2.jpg - METHOD: GET"}
{"level":"warn","message":"ROUTE: /img.jpg - METHOD: GET"}
{"level":"warn","message":"ROUTE: /prueba.jpg - METHOD: GET"}
{"level":"warn","message":"ROUTE: /prueba3.jpg - METHOD: GET"}
{"level":"warn","message":"ROUTE: /prueba2.jpg - METHOD: GET"}
{"level":"warn","message":"ROUTE: /undefined - METHOD: GET"}
{"level":"error","message":"Actualizar - CastError: Cast to ObjectId failed for value \"{ id: '637fa52ff4c9c053fea6a4ce' }\" (type Object) at path \"_id\" for model \"productos\""}
{"level":"error","message":"BorrarPorId - CastError: Cast to ObjectId failed for value \"{}\" (type Object) at path \"_id\" for model \"productos\""}
{"level":"warn","message":"ROUTE: /coca.jpg - METHOD: GET"}
{"level":"warn","message":"ROUTE: /productos6380ab95e078df886ba761a5 - METHOD: GET"}
{"level":"warn","message":"ROUTE: /coca.jpg - METHOD: GET"}
{"level":"warn","message":"ROUTE: /foto.jpg - METHOD: GET"}
{"level":"warn","message":"ROUTE: /coca.jpg - METHOD: GET"}
{"level":"warn","message":"ROUTE: /foto.jpg - METHOD: GET"}
{"level":"warn","message":"ROUTE: /coca.jpg - METHOD: GET"}
{"level":"error","message":"Actualizar - CastError: Cast to Number failed for value \"a\" (type string) at path \"precio\""}
{"level":"error","message":"Actualizar - CastError: Cast to ObjectId failed for value \"6380ba7b135aa0baaed003778\" (type string) at path \"_id\" for model \"productos\""}
{"level":"error","message":"Actualizar - CastError: Cast to ObjectId failed for value \"6380ba7b135aa0baaed003778\" (type string) at path \"_id\" for model \"productos\""}
{"level":"error","message":"Actualizar - CastError: Cast to ObjectId failed for value \"6380ba7b135aa0baaed003778\" (type string) at path \"_id\" for model \"productos\""}
{"level":"error","message":"Actualizar - CastError: Cast to ObjectId failed for value \"6380ba7b135aa0baaed003778\" (type string) at path \"_id\" for model \"productos\""}
{"level":"error","message":"Listar por ID - TypeError: Cannot read properties of null (reading '_doc')"}
{"level":"error","message":"Listar por ID - TypeError: Cannot read properties of null (reading '_doc')"}
{"level":"error","message":"Actualizar - CastError: Cast to ObjectId failed for value \"1122\" (type number) at path \"_id\" for model \"productos\""}
{"level":"error","message":"Actualizar - CastError: Cast to ObjectId failed for value \"1122\" (type number) at path \"_id\" for model \"productos\""}
{"level":"error","message":"Actualizar - CastError: Cast to ObjectId failed for value \"1122\" (type string) at path \"_id\" for model \"productos\""}
{"level":"error","message":"Actualizar - CastError: Cast to ObjectId failed for value \"1122\" (type string) at path \"_id\" for model \"productos\""}
{"level":"error","message":"Actualizar - CastError: Cast to ObjectId failed for value \"1122\" (type string) at path \"_id\" for model \"productos\""}
{"level":"error","message":"Actualizar - CastError: Cast to ObjectId failed for value \"1122\" (type string) at path \"_id\" for model \"productos\""}
{"level":"error","message":"Actualizar - CastError: Cast to ObjectId failed for value \"1122\" (type string) at path \"_id\" for model \"productos\""}
{"level":"error","message":"Actualizar - CastError: Cast to ObjectId failed for value \"1122\" (type string) at path \"_id\" for model \"productos\""}
{"level":"error","message":"Actualizar - CastError: Cast to ObjectId failed for value \"1122\" (type string) at path \"_id\" for model \"productos\""}
{"level":"warn","message":"ROUTE: /coca.jpg - METHOD: GET"}
{"level":"error","message":"Listar por ID - TypeError: Cannot read properties of null (reading '_doc')"}
{"level":"error","message":"Listar por ID - TypeError: Cannot read properties of null (reading '_doc')"}
{"level":"error","message":"Actualizar - CastError: Cast to ObjectId failed for value \"1122\" (type string) at path \"_id\" for model \"productos\""}
{"level":"error","message":"Actualizar - CastError: Cast to ObjectId failed for value \"1122\" (type string) at path \"_id\" for model \"productos\""}
{"level":"error","message":"Listar por ID - CastError: Cast to ObjectId failed for value \"1122\" (type string) at path \"_id\" for model \"productos\""}
{"level":"error","message":"Actualizar - CastError: Cast to ObjectId failed for value \"1122\" (type string) at path \"_id\" for model \"productos\""}
{"level":"error","message":"Listar por ID - CastError: Cast to ObjectId failed for value \"1122\" (type string) at path \"_id\" for model \"productos\""}
{"level":"error","message":"Actualizar - CastError: Cast to ObjectId failed for value \"1122\" (type string) at path \"_id\" for model \"productos\""}
{"level":"error","message":"Listar por ID - ReferenceError: ObjectId is not defined"}
{"level":"error","message":"Listar por ID - CastError: Cast to ObjectId failed for value \"6380a3e82f2ffed63d5dade55\" (type string) at path \"_id\" for model \"productos\""}
{"level":"error","message":"Actualizar - CastError: Cast to ObjectId failed for value \"1122\" (type string) at path \"_id\" for model \"productos\""}
{"level":"error","message":"Actualizar - ReferenceError: id is not defined"}
{"level":"error","message":"Actualizar - ReferenceError: id is not defined"}
{"level":"error","message":"Actualizar - ReferenceError: id is not defined"}
{"level":"error","message":"Actualizar - ReferenceError: id is not defined"}
{"level":"error","message":"Actualizar - ReferenceError: id is not defined"}
{"level":"error","message":"Actualizar - ReferenceError: id is not defined"}
{"level":"error","message":"Actualizar - ReferenceError: id is not defined"}
{"level":"error","message":"Actualizar - ReferenceError: id is not defined"}
{"level":"error","message":"BorrarPorId - ReferenceError: obj is not defined"}
{"level":"error","message":"BorrarPorId - CastError: Cast to ObjectId failed for value \"1122\" (type number) at path \"_id\" for model \"productos\""}
{"level":"error","message":"Guardar - ReferenceError: id is not defined"}
{"level":"error","message":"Guardar - ReferenceError: id is not defined"}
{"level":"error","message":"Guardar - ReferenceError: id is not defined"}
{"level":"error","message":"BorrarPorId - ReferenceError: cantidad is not defined"}
{"level":"error","message":"BorrarPorId - ReferenceError: vaid is not defined"}
{"level":"error","message":"BorrarPorId - ReferenceError: vaid is not defined"}
{"level":"error","message":"BorrarPorId - ReferenceError: cantidad is not defined"}
{"level":"error","message":"BorrarPorId - ReferenceError: cantidad is not defined"}
{"level":"error","message":"BorrarPorId - ReferenceError: cantidad is not defined"}
{"level":"error","message":"BorrarPorId - ReferenceError: cantidad is not defined"}
{"level":"error","message":"Listar por ID - RangeError: Maximum call stack size exceeded"}
{"level":"error","message":"Listar por ID - RangeError: Maximum call stack size exceeded"}
{"level":"error","message":"Listar por ID - RangeError: Maximum call stack size exceeded"}
{"level":"error","message":"Listar por ID - RangeError: Maximum call stack size exceeded"}
{"level":"error","message":"Listar por ID - RangeError: Maximum call stack size exceeded"}
{"level":"error","message":"Listar por ID - RangeError: Maximum call stack size exceeded"}
{"level":"error","message":"Listar por ID - RangeError: Maximum call stack size exceeded"}
{"level":"error","message":"Listar por ID - RangeError: Maximum call stack size exceeded"}
{"level":"error","message":"Actualizar - ReferenceError: id is not defined"}
{"level":"error","message":"Actualizar - ReferenceError: id is not defined"}
{"level":"warn","message":"ROUTE: /coca.jpg - METHOD: GET"}
{"level":"warn","message":"ROUTE: /undefined - METHOD: GET"}
{"level":"warn","message":"ROUTE: /api/random - METHOD: GET"}
{"level":"warn","message":"ROUTE: /api/css/style.css - METHOD: GET"}
{"level":"warn","message":"ROUTE: /asdasd - METHOD: GET"}
{"level":"warn","message":"ROUTE: /asdasd/asdasd - METHOD: GET"}
{"level":"warn","message":"ROUTE: /graphql - METHOD: GET"}
{"level":"error","message":"Listar por ID - CastError: Cast to ObjectId failed for value \"{ id: '6388c3b9fb92da73959ac162' }\" (type Object) at path \"_id\" for model \"productos\""}
{"level":"warn","message":"ROUTE: /coca.jpg - METHOD: GET"}
{"level":"warn","message":"ROUTE: /pepsi2.jpg - METHOD: GET"}
{"level":"warn","message":"ROUTE: /pepsi.jpg - METHOD: GET"}
{"level":"warn","message":"ROUTE: /coca.jpg - METHOD: GET"}
{"level":"warn","message":"ROUTE: /pepsi.jpg - METHOD: GET"}
{"level":"warn","message":"ROUTE: /pepsi2.jpg - METHOD: GET"}
{"level":"warn","message":"ROUTE: /coca.jpg - METHOD: GET"}
{"level":"warn","message":"ROUTE: /pepsi2.jpg - METHOD: GET"}
{"level":"warn","message":"ROUTE: /pepsi.jpg - METHOD: GET"}
{"level":"warn","message":"ROUTE: /coca.jpg - METHOD: GET"}
{"level":"warn","message":"ROUTE: /pepsi2.jpg - METHOD: GET"}
{"level":"warn","message":"ROUTE: /pepsi.jpg - METHOD: GET"}
{"level":"warn","message":"ROUTE: /coca.jpg - METHOD: GET"}
{"level":"warn","message":"ROUTE: /pepsi2.jpg - METHOD: GET"}
{"level":"warn","message":"ROUTE: /pepsi.jpg - METHOD: GET"}
{"level":"warn","message":"ROUTE: /coca.jpg - METHOD: GET"}
{"level":"warn","message":"ROUTE: /pepsi2.jpg - METHOD: GET"}
{"level":"warn","message":"ROUTE: /pepsi.jpg - METHOD: GET"}
{"level":"warn","message":"ROUTE: /coca.jpg - METHOD: GET"}
{"level":"warn","message":"ROUTE: /pepsi2.jpg - METHOD: GET"}
{"level":"warn","message":"ROUTE: /pepsi.jpg - METHOD: GET"}
{"level":"warn","message":"ROUTE: /coca.jpg - METHOD: GET"}
{"level":"warn","message":"ROUTE: /pepsi2.jpg - METHOD: GET"}
{"level":"warn","message":"ROUTE: /pepsi.jpg - METHOD: GET"}
{"level":"warn","message":"ROUTE: /coca.jpg - METHOD: GET"}
{"level":"warn","message":"ROUTE: /pepsi2.jpg - METHOD: GET"}
{"level":"warn","message":"ROUTE: /pepsi.jpg - METHOD: GET"}
{"level":"warn","message":"ROUTE: /unfetch.umd.js.map - METHOD: GET"}
{"level":"warn","message":"ROUTE: /graphiql.min.js.map - METHOD: GET"}
{"level":"warn","message":"ROUTE: /unfetch.umd.js.map - METHOD: GET"}
{"level":"warn","message":"ROUTE: /graphiql.min.js.map - METHOD: GET"}
{"level":"warn","message":"ROUTE: /unfetch.umd.js.map - METHOD: GET"}
{"level":"warn","message":"ROUTE: /graphiql.min.js.map - METHOD: GET"}
{"level":"warn","message":"ROUTE: /unfetch.umd.js.map - METHOD: GET"}
{"level":"warn","message":"ROUTE: /graphiql.min.js.map - METHOD: GET"}
{"level":"warn","message":"ROUTE: /unfetch.umd.js.map - METHOD: GET"}
{"level":"warn","message":"ROUTE: /graphiql.min.js.map - METHOD: GET"}
{"level":"warn","message":"ROUTE: /unfetch.umd.js.map - METHOD: GET"}
{"level":"warn","message":"ROUTE: /graphiql.min.js.map - METHOD: GET"}
{"level":"warn","message":"ROUTE: /favicon.ico - METHOD: GET"}
{"level":"warn","message":"ROUTE: /coca.png - METHOD: GET"}
{"level":"warn","message":"ROUTE: /coca.png - METHOD: GET"}
{"level":"warn","message":"ROUTE: /coca.png - METHOD: GET"}
{"level":"warn","message":"ROUTE: /coca.png - METHOD: GET"}
{"level":"warn","message":"ROUTE: /coca.png - METHOD: GET"}
{"level":"warn","message":"ROUTE: /coca.png - METHOD: GET"}
{"level":"warn","message":"ROUTE: /coca.png - METHOD: GET"}
{"level":"warn","message":"ROUTE: /fanta.jpg - METHOD: GET"}
{"level":"warn","message":"ROUTE: /coca.png - METHOD: GET"}
{"level":"warn","message":"ROUTE: /fanta.jpg - METHOD: GET"}
{"level":"warn","message":"ROUTE: /coca.png - METHOD: GET"}
{"level":"warn","message":"ROUTE: /fanta.jpg - METHOD: GET"}
{"level":"warn","message":"ROUTE: /coca.png - METHOD: GET"}
{"level":"warn","message":"ROUTE: /fanta.jpg - METHOD: GET"}
{"level":"warn","message":"ROUTE: /coca.png - METHOD: GET"}
{"level":"warn","message":"ROUTE: /fanta.jpg - METHOD: GET"}
{"level":"warn","message":"ROUTE: /coca.png - METHOD: GET"}
{"level":"warn","message":"ROUTE: /fanta.jpg - METHOD: GET"}
{"level":"warn","message":"ROUTE: /coca.png - METHOD: GET"}
{"level":"warn","message":"ROUTE: /fanta.jpg - METHOD: GET"}
{"level":"warn","message":"ROUTE: /coca.png - METHOD: GET"}
{"level":"warn","message":"ROUTE: /fanta.jpg - METHOD: GET"}
{"level":"warn","message":"ROUTE: /coca.png - METHOD: GET"}
{"level":"warn","message":"ROUTE: /fanta.jpg - METHOD: GET"}
{"level":"warn","message":"ROUTE: /pepsi.jpg - METHOD: GET"}
{"level":"warn","message":"ROUTE: /coca.png - METHOD: GET"}
{"level":"warn","message":"ROUTE: /fanta.jpg - METHOD: GET"}
{"level":"warn","message":"ROUTE: /coca.png - METHOD: GET"}
{"level":"warn","message":"ROUTE: /fanta.jpg - METHOD: GET"}
{"level":"warn","message":"ROUTE: /pepsi.jpg - METHOD: GET"}
{"level":"warn","message":"ROUTE: /coca.png - METHOD: GET"}
{"level":"warn","message":"ROUTE: /pepsi.jpg - METHOD: GET"}
{"level":"warn","message":"ROUTE: /fanta.jpg - METHOD: GET"}
{"level":"warn","message":"ROUTE: /coca.png - METHOD: GET"}
{"level":"warn","message":"ROUTE: /fanta.jpg - METHOD: GET"}
{"level":"warn","message":"ROUTE: /pepsi.jpg - METHOD: GET"}
{"level":"warn","message":"ROUTE: /coca.png - METHOD: GET"}
{"level":"warn","message":"ROUTE: /fanta.jpg - METHOD: GET"}
{"level":"warn","message":"ROUTE: /pepsi.jpg - METHOD: GET"}
{"level":"warn","message":"ROUTE: /coca.png - METHOD: GET"}
{"level":"warn","message":"ROUTE: /fanta.jpg - METHOD: GET"}
{"level":"warn","message":"ROUTE: /pepsi.jpg - METHOD: GET"}
{"level":"warn","message":"ROUTE: /coca.png - METHOD: GET"}
{"level":"warn","message":"ROUTE: /fanta.jpg - METHOD: GET"}
{"level":"warn","message":"ROUTE: /pepsi.jpg - METHOD: GET"}
{"level":"warn","message":"ROUTE: /coca.png - METHOD: GET"}
{"level":"warn","message":"ROUTE: /fanta.jpg - METHOD: GET"}
{"level":"warn","message":"ROUTE: /pepsi.jpg - METHOD: GET"}
{"level":"warn","message":"ROUTE: /coca.png - METHOD: GET"}
{"level":"warn","message":"ROUTE: /fanta.jpg - METHOD: GET"}
{"level":"warn","message":"ROUTE: /pepsi.jpg - METHOD: GET"}
{"level":"warn","message":"ROUTE: /coca.png - METHOD: GET"}
{"level":"warn","message":"ROUTE: /pepsi.jpg - METHOD: GET"}
{"level":"warn","message":"ROUTE: /fanta.jpg - METHOD: GET"}
{"level":"warn","message":"ROUTE: /coca.png - METHOD: GET"}
{"level":"warn","message":"ROUTE: /fanta.jpg - METHOD: GET"}
{"level":"warn","message":"ROUTE: /pepsi.jpg - METHOD: GET"}
{"level":"warn","message":"ROUTE: /coca.png - METHOD: GET"}
{"level":"warn","message":"ROUTE: /fanta.jpg - METHOD: GET"}
{"level":"warn","message":"ROUTE: /pepsi.jpg - METHOD: GET"}
{"level":"warn","message":"ROUTE: /coca.png - METHOD: GET"}
{"level":"warn","message":"ROUTE: /pepsi.jpg - METHOD: GET"}
{"level":"warn","message":"ROUTE: /fanta.jpg - METHOD: GET"}
{"level":"warn","message":"ROUTE: /coca.png - METHOD: GET"}
{"level":"warn","message":"ROUTE: /fanta.jpg - METHOD: GET"}
{"level":"warn","message":"ROUTE: /pepsi.jpg - METHOD: GET"}
{"level":"warn","message":"ROUTE: /coca.png - METHOD: GET"}
{"level":"warn","message":"ROUTE: /fanta.jpg - METHOD: GET"}
{"level":"warn","message":"ROUTE: /pepsi.jpg - METHOD: GET"}
{"level":"warn","message":"ROUTE: /coca.png - METHOD: GET"}
{"level":"warn","message":"ROUTE: /fanta.jpg - METHOD: GET"}
{"level":"warn","message":"ROUTE: /coca.png - METHOD: GET"}
{"level":"warn","message":"ROUTE: /fanta.jpg - METHOD: GET"}
{"level":"warn","message":"ROUTE: /coca.png - METHOD: GET"}
{"level":"warn","message":"ROUTE: /fanta.jpg - METHOD: GET"}
{"level":"warn","message":"ROUTE: /coca.png - METHOD: GET"}
{"level":"warn","message":"ROUTE: /fanta.jpg - METHOD: GET"}
{"level":"warn","message":"ROUTE: /coca.png - METHOD: GET"}
{"level":"warn","message":"ROUTE: /fanta.jpg - METHOD: GET"}
{"level":"warn","message":"ROUTE: /coca.png - METHOD: GET"}
{"level":"warn","message":"ROUTE: /fanta.jpg - METHOD: GET"}
{"level":"warn","message":"ROUTE: /coca.png - METHOD: GET"}
{"level":"warn","message":"ROUTE: /fanta.jpg - METHOD: GET"}
{"level":"warn","message":"ROUTE: /coca.png - METHOD: GET"}
{"level":"warn","message":"ROUTE: /fanta.jpg - METHOD: GET"}
{"level":"warn","message":"ROUTE: /coca.png - METHOD: GET"}
{"level":"warn","message":"ROUTE: /fanta.jpg - METHOD: GET"}
{"level":"warn","message":"ROUTE: /fanta.jpg - METHOD: GET"}
{"level":"warn","message":"ROUTE: /coca.png - METHOD: GET"}
{"level":"warn","message":"ROUTE: /coca.png - METHOD: GET"}
{"level":"warn","message":"ROUTE: /fanta.jpg - METHOD: GET"}
{"level":"warn","message":"ROUTE: /coca.png - METHOD: GET"}
{"level":"warn","message":"ROUTE: /fanta.jpg - METHOD: GET"}
{"level":"warn","message":"ROUTE: /coca.png - METHOD: GET"}
{"level":"warn","message":"ROUTE: /fanta.jpg - METHOD: GET"}
{"level":"warn","message":"ROUTE: /coca.png - METHOD: GET"}
{"level":"warn","message":"ROUTE: /fanta.jpg - METHOD: GET"}
{"level":"warn","message":"ROUTE: /coca.png - METHOD: GET"}
{"level":"warn","message":"ROUTE: /fanta.jpg - METHOD: GET"}
{"level":"warn","message":"ROUTE: /coca.png - METHOD: GET"}
{"level":"warn","message":"ROUTE: /fanta.jpg - METHOD: GET"}
{"level":"warn","message":"ROUTE: /coca.png - METHOD: GET"}
{"level":"warn","message":"ROUTE: /fanta.jpg - METHOD: GET"}
{"level":"warn","message":"ROUTE: /fanta.jpg - METHOD: GET"}
{"level":"warn","message":"ROUTE: /coca.png - METHOD: GET"}
{"level":"warn","message":"ROUTE: /coca.png - METHOD: GET"}
{"level":"warn","message":"ROUTE: /fanta.jpg - METHOD: GET"}
{"level":"warn","message":"ROUTE: /coca.png - METHOD: GET"}
{"level":"warn","message":"ROUTE: /fanta.jpg - METHOD: GET"}
{"level":"warn","message":"ROUTE: /fanta.jpg - METHOD: GET"}
{"level":"warn","message":"ROUTE: /coca.png - METHOD: GET"}
{"level":"warn","message":"ROUTE: /coca.png - METHOD: GET"}
{"level":"warn","message":"ROUTE: /fanta.jpg - METHOD: GET"}
{"level":"warn","message":"ROUTE: /coca.png - METHOD: GET"}
{"level":"warn","message":"ROUTE: /fanta.jpg - METHOD: GET"}
{"level":"warn","message":"ROUTE: /coca.png - METHOD: GET"}
{"level":"warn","message":"ROUTE: /fanta.jpg - METHOD: GET"}
{"level":"warn","message":"ROUTE: /coca.png - METHOD: GET"}
{"level":"warn","message":"ROUTE: /fanta.jpg - METHOD: GET"}
{"level":"warn","message":"ROUTE: /coca.png - METHOD: GET"}
{"level":"warn","message":"ROUTE: /fanta.jpg - METHOD: GET"}
{"level":"warn","message":"ROUTE: /producto/css/style.css - METHOD: GET"}
{"level":"warn","message":"ROUTE: /coca.png - METHOD: GET"}
{"level":"warn","message":"ROUTE: /fanta.jpg - METHOD: GET"}
{"level":"warn","message":"ROUTE: /coca.png - METHOD: GET"}
{"level":"warn","message":"ROUTE: /fanta.jpg - METHOD: GET"}
{"level":"warn","message":"ROUTE: /coca.png - METHOD: GET"}
{"level":"warn","message":"ROUTE: /fanta.jpg - METHOD: GET"}
{"level":"warn","message":"ROUTE: /coca.png - METHOD: GET"}
{"level":"warn","message":"ROUTE: /fanta.jpg - METHOD: GET"}
{"level":"warn","message":"ROUTE: /coca.png - METHOD: GET"}
{"level":"warn","message":"ROUTE: /fanta.jpg - METHOD: GET"}
{"level":"warn","message":"ROUTE: /coca.png - METHOD: GET"}
{"level":"warn","message":"ROUTE: /fanta.jpg - METHOD: GET"}
{"level":"warn","message":"ROUTE: /coca.png - METHOD: GET"}
{"level":"warn","message":"ROUTE: /fanta.jpg - METHOD: GET"}
{"level":"warn","message":"ROUTE: /coca.png - METHOD: GET"}
{"level":"warn","message":"ROUTE: /fanta.jpg - METHOD: GET"}
{"level":"warn","message":"ROUTE: /coca.png - METHOD: GET"}
{"level":"warn","message":"ROUTE: /fanta.jpg - METHOD: GET"}
{"level":"error","message":"Guardar - ValidationError: precio: Cast to Number failed for value \"[object HTMLInputElement]\" (type string) at path \"precio\""}
{"level":"warn","message":"ROUTE: /coca.png - METHOD: GET"}
{"level":"warn","message":"ROUTE: /fanta.jpg - METHOD: GET"}
{"level":"warn","message":"ROUTE: /coca.png - METHOD: GET"}
{"level":"warn","message":"ROUTE: /fanta.jpg - METHOD: GET"}
{"level":"error","message":"Guardar - ValidationError: precio: Cast to Number failed for value \"[object HTMLInputElement]\" (type string) at path \"precio\""}
{"level":"warn","message":"ROUTE: /coca.png - METHOD: GET"}
{"level":"warn","message":"ROUTE: /fanta.jpg - METHOD: GET"}
{"level":"warn","message":"ROUTE: /coca.png - METHOD: GET"}
{"level":"warn","message":"ROUTE: /fanta.jpg - METHOD: GET"}
{"level":"warn","message":"ROUTE: /we - METHOD: GET"}
{"level":"warn","message":"ROUTE: /coca.png - METHOD: GET"}
{"level":"warn","message":"ROUTE: /fanta.jpg - METHOD: GET"}
{"level":"warn","message":"ROUTE: /we1 - METHOD: GET"}
{"level":"warn","message":"ROUTE: /coca.png - METHOD: GET"}
{"level":"warn","message":"ROUTE: /fanta.jpg - METHOD: GET"}
{"level":"warn","message":"ROUTE: /usuario - METHOD: GET"}
{"level":"warn","message":"ROUTE: /coca.jpg - METHOD: GET"}
{"level":"warn","message":"ROUTE: /pepsi2.jpg - METHOD: GET"}
{"level":"warn","message":"ROUTE: /pepsi.jpg - METHOD: GET"}
{"level":"warn","message":"ROUTE: /pepsi2.jpg - METHOD: GET"}
{"level":"warn","message":"ROUTE: /pepsi.jpg - METHOD: GET"}
{"level":"warn","message":"ROUTE: /coca.jpg - METHOD: GET"}
{"level":"warn","message":"ROUTE: /coca.jpg - METHOD: GET"}
{"level":"warn","message":"ROUTE: /pepsi.jpg - METHOD: GET"}
{"level":"warn","message":"ROUTE: /pepsi2.jpg - METHOD: GET"}
{"level":"warn","message":"ROUTE: /coca.jpg - METHOD: GET"}
{"level":"warn","message":"ROUTE: /pepsi2.jpg - METHOD: GET"}
{"level":"warn","message":"ROUTE: /pepsi.jpg - METHOD: GET"}
{"level":"warn","message":"ROUTE: /coca.jpg - METHOD: GET"}
{"level":"warn","message":"ROUTE: /pepsi.jpg - METHOD: GET"}
{"level":"warn","message":"ROUTE: /pepsi2.jpg - METHOD: GET"}
{"level":"warn","message":"ROUTE: /coca.jpg - METHOD: GET"}
{"level":"warn","message":"ROUTE: /pepsi2.jpg - METHOD: GET"}
{"level":"warn","message":"ROUTE: /pepsi.jpg - METHOD: GET"}
{"level":"warn","message":"ROUTE: /coca.jpg - METHOD: GET"}
{"level":"warn","message":"ROUTE: /asd - METHOD: GET"}
{"level":"warn","message":"ROUTE: /pepsi.jpg - METHOD: GET"}
{"level":"warn","message":"ROUTE: /pepsi2.jpg - METHOD: GET"}
{"level":"warn","message":"ROUTE: /coca.jpg - METHOD: GET"}
{"level":"warn","message":"ROUTE: /pepsi2.jpg - METHOD: GET"}
{"level":"warn","message":"ROUTE: /pepsi.jpg - METHOD: GET"}
{"level":"warn","message":"ROUTE: /asda - METHOD: GET"}
{"level":"warn","message":"ROUTE: /coca.jpg - METHOD: GET"}
{"level":"warn","message":"ROUTE: /pepsi2.jpg - METHOD: GET"}
{"level":"warn","message":"ROUTE: /pepsi.jpg - METHOD: GET"}
{"level":"warn","message":"ROUTE: /random - METHOD: GET"}
{"level":"warn","message":"ROUTE: /api/random - METHOD: GET"}
